GROUP,PACKAGE,CLASS,INSTRUCTION_MISSED,INSTRUCTION_COVERED,BRANCH_MISSED,BRANCH_COVERED,LINE_MISSED,LINE_COVERED,COMPLEXITY_MISSED,COMPLEXITY_COVERED,METHOD_MISSED,METHOD_COVERED
JPA Annotation Processor (Annotation Processor),org.sw4j.tool.annotation.jpa.generator.model,Model,0,18,0,0,0,6,0,3,0,3
JPA Annotation Processor (Annotation Processor),org.sw4j.tool.annotation.jpa.generator.model,Entity,0,32,0,4,0,9,0,6,0,4
JPA Annotation Processor (Annotation Processor),org.sw4j.tool.annotation.jpa.generator.model,Attribute,0,15,0,0,0,6,0,3,0,3
JPA Annotation Processor (Annotation Processor),org.sw4j.tool.annotation.jpa.processor,AnnotationProcessor,0,176,0,20,0,44,0,14,0,4
JPA Annotation Processor (Annotation Processor),org.sw4j.tool.annotation.jpa.processor,AttributeProcessor,28,116,7,21,4,28,4,17,0,7
JPA Annotation Processor (Annotation Processor),org.sw4j.tool.annotation.jpa.processor,EntityProcessor,0,246,2,28,0,41,2,18,0,5
